<?xml version="1.0" encoding="UTF-8"?>
<testng-results ignored="0" total="1" passed="1" failed="0" skipped="0">
  <reporter-output>
  </reporter-output>
  <suite started-at="2025-03-27T19:55:14 IST" name="Default suite" finished-at="2025-03-27T19:55:20 IST" duration-ms="5990">
    <groups>
    </groups>
    <test started-at="2025-03-27T19:55:14 IST" name="Default test" finished-at="2025-03-27T19:55:20 IST" duration-ms="5990">
      <class name="tests.LoginTest">
        <test-method is-config="true" signature="setUpTest()[pri:0, instance:tests.LoginTest@2a640157]" started-at="2025-03-27T19:55:14 IST" name="setUpTest" finished-at="2025-03-27T19:55:17 IST" duration-ms="3631" status="PASS">
          <reporter-output>
          </reporter-output>
        </test-method> <!-- setUpTest -->
        <test-method signature="loginTest()[pri:0, instance:tests.LoginTest@2a640157]" started-at="2025-03-27T19:55:17 IST" name="loginTest" finished-at="2025-03-27T19:55:19 IST" duration-ms="1870" status="PASS">
          <reporter-output>
          </reporter-output>
        </test-method> <!-- loginTest -->
        <test-method is-config="true" signature="tearDownTest()[pri:0, instance:tests.LoginTest@2a640157]" started-at="2025-03-27T19:55:19 IST" name="tearDownTest" finished-at="2025-03-27T19:55:20 IST" duration-ms="404" status="PASS">
          <reporter-output>
          </reporter-output>
        </test-method> <!-- tearDownTest -->
      </class> <!-- tests.LoginTest -->
    </test> <!-- Default test -->
  </suite> <!-- Default suite -->
</testng-results>
