<?xml version="1.0" encoding="UTF-8"?>
<testng-results ignored="2" total="3" passed="1" failed="0" skipped="0">
  <reporter-output>
  </reporter-output>
  <suite started-at="2025-04-04T15:21:14 IST" name="Default suite" finished-at="2025-04-04T15:21:14 IST" duration-ms="70">
    <groups>
    </groups>
    <test started-at="2025-04-04T15:21:14 IST" name="Default test" finished-at="2025-04-04T15:21:14 IST" duration-ms="70">
      <class name="Parallel_Class.NewTest">
        <test-method signature="testA()[pri:0, instance:Parallel_Class.NewTest@32eff876]" started-at="2025-04-04T15:21:14 IST" name="testA" finished-at="2025-04-04T15:21:14 IST" duration-ms="11" status="PASS">
          <reporter-output>
          </reporter-output>
        </test-method> <!-- testA -->
      </class> <!-- Parallel_Class.NewTest -->
    </test> <!-- Default test -->
  </suite> <!-- Default suite -->
</testng-results>
