<?xml version="1.0" encoding="UTF-8"?>
<!-- Generated by org.testng.reporters.JUnitXMLReporter -->
<testsuite ignored="2" hostname="DESKTOP-2KAIH0U" failures="0" tests="1" name="Default test" time="0.07" errors="0" timestamp="2025-04-04T15:21:14 IST">
  <testcase classname="Parallel_Class.NewTest" name="testA" time="0.011"/>
  <testcase classname="Parallel_Class.NewTest" name="testB" time="0.0">
    <ignored/>
  </testcase> <!-- testB -->
  <testcase classname="Parallel_Class.NewTest" name="testC" time="0.0">
    <ignored/>
  </testcase> <!-- testC -->
</testsuite> <!-- Default test -->
