<?xml version="1.0" encoding="UTF-8"?>
<testng-results ignored="0" total="1" passed="1" failed="0" skipped="0">
  <reporter-output>
  </reporter-output>
  <suite started-at="2025-03-03T12:56:33 IST" name="Default suite" finished-at="2025-03-03T12:56:47 IST" duration-ms="14142">
    <groups>
    </groups>
    <test started-at="2025-03-03T12:56:33 IST" name="Default test" finished-at="2025-03-03T12:56:47 IST" duration-ms="14142">
      <class name="SeleniumAdvance.Properties_Login">
        <test-method signature="PropertyFileRetrive()[pri:0, instance:SeleniumAdvance.Properties_Login@333291e3]" started-at="2025-03-03T12:56:33 IST" name="PropertyFileRetrive" finished-at="2025-03-03T12:56:47 IST" duration-ms="14041" status="PASS">
          <reporter-output>
          </reporter-output>
        </test-method> <!-- PropertyFileRetrive -->
      </class> <!-- SeleniumAdvance.Properties_Login -->
    </test> <!-- Default test -->
  </suite> <!-- Default suite -->
</testng-results>
