<?xml version="1.0" encoding="UTF-8"?>
<!-- Generated by org.testng.reporters.JUnitXMLReporter -->
<testsuite ignored="0" hostname="DESKTOP-2KAIH0U" failures="0" tests="3" name="suite2" time="0.11" errors="0" timestamp="2025-03-27T11:09:48 IST">
  <testcase classname="Parallel_Suite.SuiteTest2" name="suiteTestD" time="0.016"/>
  <testcase classname="Parallel_Suite.SuiteTest2" name="suiteTestE" time="0.002"/>
  <testcase classname="Parallel_Suite.SuiteTest2" name="suiteTestF" time="0.002"/>
</testsuite> <!-- suite2 -->
