<?xml version="1.0" encoding="UTF-8"?>
<!-- Generated by org.testng.reporters.JUnitXMLReporter -->
<testsuite ignored="0" hostname="DESKTOP-2KAIH0U" failures="0" tests="6" name="class" time="0.206" errors="0" timestamp="2025-03-27T10:42:08 IST">
  <testcase classname="Parallel_Class.ClassTest2" name="testE" time="0.033"/>
  <testcase classname="Parallel_Class.ClassTest1" name="testA" time="0.033"/>
  <testcase classname="Parallel_Class.ClassTest2" name="testF" time="0.004"/>
  <testcase classname="Parallel_Class.ClassTest1" name="testB" time="0.005"/>
  <testcase classname="Parallel_Class.ClassTest2" name="testG" time="0.007"/>
  <testcase classname="Parallel_Class.ClassTest1" name="testC" time="0.007"/>
</testsuite> <!-- class -->
