<?xml version="1.0" encoding="UTF-8"?>
<!-- Generated by org.testng.reporters.JUnitXMLReporter -->
<testsuite ignored="0" hostname="DESKTOP-2KAIH0U" failures="0" tests="8" name="groups_Run" time="0.148" errors="0" timestamp="2025-03-27T15:43:04 IST">
  <testcase classname="GroupAndDependsOnGroup.UserTests" name="createUser" time="0.015"/>
  <testcase classname="GroupAndDependsOnGroup.TransactionTests" name="initTransaction" time="0.003"/>
  <testcase classname="GroupAndDependsOnGroup.UserTests" name="editUser" time="0.002"/>
  <testcase classname="GroupAndDependsOnGroup.TransactionTests" name="processTransaction" time="0.002"/>
  <testcase classname="GroupAndDependsOnGroup.UserTests" name="deleteUser" time="0.003"/>
  <testcase classname="GroupAndDependsOnGroup.UserTests" name="viewUser" time="0.002"/>
  <testcase classname="GroupAndDependsOnGroup.TransactionTests" name="cancelTransaction" time="0.004"/>
  <testcase classname="GroupAndDependsOnGroup.TransactionTests" name="verifyTransaction" time="0.003"/>
</testsuite> <!-- groups_Run -->
