<?xml version="1.0" encoding="UTF-8"?>
<!-- Generated by org.testng.reporters.JUnitXMLReporter -->
<testsuite ignored="0" hostname="DESKTOP-2KAIH0U" failures="0" tests="6" name="Method" time="0.185" errors="0" timestamp="2025-03-27T10:17:46 IST">
  <testcase classname="Parallel_Method.ParallelTestMethod1" name="testMethod2" time="0.026"/>
  <testcase classname="Parallel_Method.ParallelTestMethod1" name="testMethod3" time="0.026"/>
  <testcase classname="Parallel_Method.ParallelTestMethod1" name="testMethod1" time="0.025"/>
  <testcase classname="Parallel_Method.ParallelTestMethod2" name="testMethod4" time="0.005"/>
  <testcase classname="Parallel_Method.ParallelTestMethod2" name="testMethod5" time="0.006"/>
  <testcase classname="Parallel_Method.ParallelTestMethod2" name="testMethod6" time="0.008"/>
</testsuite> <!-- Method -->
